Using pre-set license
Built from '2020.2/release' branch; Version is '2020.2.0f1 (3721df5a8b28) revision 3613151'; Using compiler version '192528614'; Build Type 'Release'
OS: 'Windows 10  (10.0.0) 64bit' Language: 'es' Physical Memory: 8155 MB
BatchMode: 1, IsHumanControllingUs: 0, StartBugReporterOnCrash: 0, Is64bit: 1, IsPro: 0

 COMMAND LINE ARGUMENTS:
C:\Program Files\Unity\Hub\Editor\2020.2.0f1\Editor\Unity.exe
-adb2
-batchMode
-noUpm
-name
AssetImportWorker0
-projectPath
C:/Users/lucas/Proyect
-logFile
Logs/AssetImportWorker0.log
-srvPort
57399
Successfully changed project path to: C:/Users/lucas/Proyect
C:/Users/lucas/Proyect
Using Asset Import Pipeline V2.
Refreshing native plugins compatible for Editor in 63.91 ms, found 0 plugins.
Preloading 0 native plugins for Editor in 0.00 ms.
Initialize engine version: 2020.2.0f1 (3721df5a8b28)
[Subsystems] Discovering subsystems at path C:/Program Files/Unity/Hub/Editor/2020.2.0f1/Editor/Data/Resources/UnitySubsystems
[Subsystems] Discovering subsystems at path C:/Users/lucas/Proyect/Assets
GfxDevice: creating device client; threaded=0
Direct3D:
    Version:  Direct3D 11.0 [level 11.1]
    Renderer: NVIDIA GeForce GTX 1060 3GB (ID=0x1c02)
    Vendor:   
    VRAM:     2988 MB
    Driver:   27.21.14.6192
Initialize mono
Mono path[0] = 'C:/Program Files/Unity/Hub/Editor/2020.2.0f1/Editor/Data/Managed'
Mono path[1] = 'C:/Program Files/Unity/Hub/Editor/2020.2.0f1/Editor/Data/MonoBleedingEdge/lib/mono/unityjit'
Mono config path = 'C:/Program Files/Unity/Hub/Editor/2020.2.0f1/Editor/Data/MonoBleedingEdge/etc'
Using monoOptions --debugger-agent=transport=dt_socket,embedding=1,server=y,suspend=n,address=127.0.0.1:56892
Begin MonoManager ReloadAssembly
Registering precompiled unity dll's ...
Register platform support module: C:/Program Files/Unity/Hub/Editor/2020.2.0f1/Editor/Data/PlaybackEngines/WindowsStandaloneSupport/UnityEditor.WindowsStandalone.Extensions.dll
Registered in 0.001754 seconds.
Native extension for WindowsStandalone target not found
Refreshing native plugins compatible for Editor in 72.73 ms, found 0 plugins.
Preloading 0 native plugins for Editor in 0.00 ms.
Invoked RoslynAnalysisRunner static constructor.
RoslynAnalysisRunner will not be running.
RoslynAnalysisRunner has terminated.
Mono: successfully reloaded assembly
- Completed reload, in  1.145 seconds
Platform modules already initialized, skipping
Registering precompiled user dll's ...
Registered in 0.001263 seconds.
Begin MonoManager ReloadAssembly
Native extension for WindowsStandalone target not found
Refreshing native plugins compatible for Editor in 0.64 ms, found 0 plugins.
Preloading 0 native plugins for Editor in 0.00 ms.
Invoked RoslynAnalysisRunner static constructor.
RoslynAnalysisRunner will not be running.
RoslynAnalysisRunner has terminated.
Mono: successfully reloaded assembly
- Completed reload, in  0.818 seconds
Platform modules already initialized, skipping
========================================================================
Worker process is ready to serve import requests
Launched and connected shader compiler UnityShaderCompiler.exe after 0.03 seconds
Refreshing native plugins compatible for Editor in 0.67 ms, found 0 plugins.
Preloading 0 native plugins for Editor in 0.00 ms.
Unloading 1265 Unused Serialized files (Serialized files now loaded: 0)
System memory in use before: 81.8 MB.
System memory in use after: 81.9 MB.

Unloading 11 unused Assets to reduce memory usage. Loaded Objects now: 1732.
Total: 1.713900 ms (FindLiveObjects: 0.153400 ms CreateObjectMapping: 0.124900 ms MarkObjects: 1.362700 ms  DeleteObjects: 0.071700 ms)

========================================================================
Received Import Request.
  path: Assets/Textures/SimpleMaterials.mat
  artifactKey: Guid(736d70da81db9f14dab9dc7e2436bab9) Importer(815301076,1909f56bfc062723c751e8b465ee728b)
Start importing Assets/Textures/SimpleMaterials.mat using Guid(736d70da81db9f14dab9dc7e2436bab9) Importer(815301076,1909f56bfc062723c751e8b465ee728b)  -> (artifact id: 'ac1950e455b9ebf6c3aa8fa9aa4b603c') in 0.112022 seconds
  Import took 0.114851 seconds .

========================================================================
Received Prepare
Registering precompiled user dll's ...
Registered in 0.001627 seconds.
Begin MonoManager ReloadAssembly
Native extension for WindowsStandalone target not found
Refreshing native plugins compatible for Editor in 0.75 ms, found 0 plugins.
Preloading 0 native plugins for Editor in 0.00 ms.
Invoked RoslynAnalysisRunner static constructor.
RoslynAnalysisRunner will not be running.
RoslynAnalysisRunner has terminated.
Mono: successfully reloaded assembly
- Completed reload, in  0.729 seconds
Platform modules already initialized, skipping
Refreshing native plugins compatible for Editor in 1.11 ms, found 0 plugins.
Preloading 0 native plugins for Editor in 0.00 ms.
Unloading 1248 Unused Serialized files (Serialized files now loaded: 0)
System memory in use before: 85.3 MB.
System memory in use after: 85.3 MB.

Unloading 6 unused Assets to reduce memory usage. Loaded Objects now: 1775.
Total: 1.902200 ms (FindLiveObjects: 0.190200 ms CreateObjectMapping: 0.040000 ms MarkObjects: 1.553900 ms  DeleteObjects: 0.116800 ms)

========================================================================
Received Prepare
Registering precompiled user dll's ...
Registered in 0.001558 seconds.
Begin MonoManager ReloadAssembly
Native extension for WindowsStandalone target not found
Refreshing native plugins compatible for Editor in 0.79 ms, found 0 plugins.
Preloading 0 native plugins for Editor in 0.00 ms.
Invoked RoslynAnalysisRunner static constructor.
RoslynAnalysisRunner will not be running.
RoslynAnalysisRunner has terminated.
Mono: successfully reloaded assembly
- Completed reload, in  1.050 seconds
Platform modules already initialized, skipping
Refreshing native plugins compatible for Editor in 0.85 ms, found 0 plugins.
Preloading 0 native plugins for Editor in 0.00 ms.
Unloading 1247 Unused Serialized files (Serialized files now loaded: 0)
System memory in use before: 85.2 MB.
System memory in use after: 85.3 MB.

Unloading 6 unused Assets to reduce memory usage. Loaded Objects now: 1777.
Total: 3.215500 ms (FindLiveObjects: 0.159000 ms CreateObjectMapping: 0.054100 ms MarkObjects: 2.942000 ms  DeleteObjects: 0.058500 ms)

========================================================================
Received Prepare
Registering precompiled user dll's ...
Registered in 0.001240 seconds.
Begin MonoManager ReloadAssembly
Native extension for WindowsStandalone target not found
Refreshing native plugins compatible for Editor in 0.65 ms, found 0 plugins.
Preloading 0 native plugins for Editor in 0.00 ms.
Invoked RoslynAnalysisRunner static constructor.
RoslynAnalysisRunner will not be running.
RoslynAnalysisRunner has terminated.
Mono: successfully reloaded assembly
- Completed reload, in  0.809 seconds
Platform modules already initialized, skipping
Refreshing native plugins compatible for Editor in 0.72 ms, found 0 plugins.
Preloading 0 native plugins for Editor in 0.00 ms.
Unloading 1247 Unused Serialized files (Serialized files now loaded: 0)
System memory in use before: 85.3 MB.
System memory in use after: 85.3 MB.

Unloading 6 unused Assets to reduce memory usage. Loaded Objects now: 1779.
Total: 3.471200 ms (FindLiveObjects: 0.170600 ms CreateObjectMapping: 0.043900 ms MarkObjects: 3.199500 ms  DeleteObjects: 0.055700 ms)

========================================================================
Received Prepare
Registering precompiled user dll's ...
Registered in 0.001172 seconds.
Begin MonoManager ReloadAssembly
Native extension for WindowsStandalone target not found
Refreshing native plugins compatible for Editor in 0.64 ms, found 0 plugins.
Preloading 0 native plugins for Editor in 0.00 ms.
Invoked RoslynAnalysisRunner static constructor.
RoslynAnalysisRunner will not be running.
RoslynAnalysisRunner has terminated.
Mono: successfully reloaded assembly
- Completed reload, in  0.793 seconds
Platform modules already initialized, skipping
Refreshing native plugins compatible for Editor in 0.66 ms, found 0 plugins.
Preloading 0 native plugins for Editor in 0.00 ms.
Unloading 1247 Unused Serialized files (Serialized files now loaded: 0)
System memory in use before: 85.3 MB.
System memory in use after: 85.3 MB.

Unloading 6 unused Assets to reduce memory usage. Loaded Objects now: 1781.
Total: 1.719700 ms (FindLiveObjects: 0.211400 ms CreateObjectMapping: 0.050500 ms MarkObjects: 1.401200 ms  DeleteObjects: 0.055400 ms)

========================================================================
Received Import Request.
  Time since last request: 1542.952276 seconds.
  path: Assets/Enemies.cs
  artifactKey: Guid(c760f0d04e916e4458f7a60b2d1b37c1) Importer(815301076,1909f56bfc062723c751e8b465ee728b)
Start importing Assets/Enemies.cs using Guid(c760f0d04e916e4458f7a60b2d1b37c1) Importer(815301076,1909f56bfc062723c751e8b465ee728b)  -> (artifact id: 'd22200bcf5c0f666734fad214cd44c8b') in 0.025052 seconds
  Import took 0.028599 seconds .

========================================================================
Received Prepare
Registering precompiled user dll's ...
Registered in 0.001203 seconds.
Begin MonoManager ReloadAssembly
Native extension for WindowsStandalone target not found
Refreshing native plugins compatible for Editor in 1.09 ms, found 0 plugins.
Preloading 0 native plugins for Editor in 0.00 ms.
Invoked RoslynAnalysisRunner static constructor.
RoslynAnalysisRunner will not be running.
RoslynAnalysisRunner has terminated.
Mono: successfully reloaded assembly
- Completed reload, in  1.013 seconds
Platform modules already initialized, skipping
Refreshing native plugins compatible for Editor in 0.70 ms, found 0 plugins.
Preloading 0 native plugins for Editor in 0.00 ms.
Unloading 1248 Unused Serialized files (Serialized files now loaded: 0)
System memory in use before: 85.3 MB.
System memory in use after: 85.4 MB.

Unloading 6 unused Assets to reduce memory usage. Loaded Objects now: 1784.
Total: 1.495400 ms (FindLiveObjects: 0.154100 ms CreateObjectMapping: 0.044200 ms MarkObjects: 1.245300 ms  DeleteObjects: 0.050600 ms)

========================================================================
Received Prepare
Registering precompiled user dll's ...
Registered in 0.001464 seconds.
Begin MonoManager ReloadAssembly
Native extension for WindowsStandalone target not found
Refreshing native plugins compatible for Editor in 0.71 ms, found 0 plugins.
Preloading 0 native plugins for Editor in 0.00 ms.
Invoked RoslynAnalysisRunner static constructor.
RoslynAnalysisRunner will not be running.
RoslynAnalysisRunner has terminated.
Mono: successfully reloaded assembly
- Completed reload, in  0.841 seconds
Platform modules already initialized, skipping
Refreshing native plugins compatible for Editor in 0.68 ms, found 0 plugins.
Preloading 0 native plugins for Editor in 0.00 ms.
Unloading 1248 Unused Serialized files (Serialized files now loaded: 0)
System memory in use before: 85.3 MB.
System memory in use after: 85.4 MB.

Unloading 6 unused Assets to reduce memory usage. Loaded Objects now: 1786.
Total: 1.769900 ms (FindLiveObjects: 0.217100 ms CreateObjectMapping: 0.050800 ms MarkObjects: 1.436200 ms  DeleteObjects: 0.064700 ms)

========================================================================
Received Import Request.
  Time since last request: 42.830404 seconds.
  path: Assets/Enemies.cs
  artifactKey: Guid(c760f0d04e916e4458f7a60b2d1b37c1) Importer(815301076,1909f56bfc062723c751e8b465ee728b)
Start importing Assets/Enemies.cs using Guid(c760f0d04e916e4458f7a60b2d1b37c1) Importer(815301076,1909f56bfc062723c751e8b465ee728b)  -> (artifact id: '0a358b4ee04a91e887e72e6f248f0241') in 0.006075 seconds
  Import took 0.009645 seconds .

========================================================================
Received Prepare
Registering precompiled user dll's ...
Registered in 0.001448 seconds.
Begin MonoManager ReloadAssembly
Native extension for WindowsStandalone target not found
Refreshing native plugins compatible for Editor in 0.65 ms, found 0 plugins.
Preloading 0 native plugins for Editor in 0.00 ms.
Invoked RoslynAnalysisRunner static constructor.
RoslynAnalysisRunner will not be running.
RoslynAnalysisRunner has terminated.
Mono: successfully reloaded assembly
- Completed reload, in  0.753 seconds
Platform modules already initialized, skipping
Refreshing native plugins compatible for Editor in 0.67 ms, found 0 plugins.
Preloading 0 native plugins for Editor in 0.00 ms.
Unloading 1248 Unused Serialized files (Serialized files now loaded: 0)
System memory in use before: 85.3 MB.
System memory in use after: 85.4 MB.

Unloading 6 unused Assets to reduce memory usage. Loaded Objects now: 1788.
Total: 1.802900 ms (FindLiveObjects: 0.163500 ms CreateObjectMapping: 0.042700 ms MarkObjects: 1.531900 ms  DeleteObjects: 0.063700 ms)

========================================================================
Received Import Request.
  Time since last request: 1452.597001 seconds.
  path: Assets/Enemies.cs
  artifactKey: Guid(c760f0d04e916e4458f7a60b2d1b37c1) Importer(815301076,1909f56bfc062723c751e8b465ee728b)
Start importing Assets/Enemies.cs using Guid(c760f0d04e916e4458f7a60b2d1b37c1) Importer(815301076,1909f56bfc062723c751e8b465ee728b)  -> (artifact id: 'e7871d387838d912024cbd4d5d04aa26') in 0.005310 seconds
  Import took 0.008003 seconds .

========================================================================
Received Import Request.
  Time since last request: 15.176032 seconds.
  path: Assets/Snake.asset
  artifactKey: Guid(7a4fbce9a6f8187499de466af52971b8) Importer(815301076,1909f56bfc062723c751e8b465ee728b)
Start importing Assets/Snake.asset using Guid(7a4fbce9a6f8187499de466af52971b8) Importer(815301076,1909f56bfc062723c751e8b465ee728b)  -> (artifact id: '9825f12e569f7535e621d79874b2ee51') in 0.032178 seconds
  Import took 0.034946 seconds .

========================================================================
Received Import Request.
  Time since last request: 21.023645 seconds.
  path: Assets/Snake.asset
  artifactKey: Guid(7a4fbce9a6f8187499de466af52971b8) Importer(815301076,1909f56bfc062723c751e8b465ee728b)
Start importing Assets/Snake.asset using Guid(7a4fbce9a6f8187499de466af52971b8) Importer(815301076,1909f56bfc062723c751e8b465ee728b)  -> (artifact id: 'b66342ac6606bdc1970ef6c24206f5a0') in 0.014564 seconds
  Import took 0.020042 seconds .

AssetImportWorkerClient::OnTransportError - code=2 error=End of file
